MPlayer 1.0rc4-4.5.2 (C) 2000-2010 MPlayer Team
mplayer: could not connect to socket
mplayer: No such file or directory
Failed to open LIRC support. You will not be able to use your remote control.

Playing tv://.
TV file format detected.
Selected driver: v4l2
 name: Video 4 Linux 2 input
 author: Martin Olschewski <olschewski@zpr.uni-koeln.de>
 comment: first try, more to come ;-)
v4l2: your device driver does not support VIDIOC_G_STD ioctl, VIDIOC_G_PARM was used instead.
Selected device: USB Camera (046d:08dd)
 Capabilites:  video capture  read/write  streaming
 supported norms:
 inputs: 0 = zc3xx;
 Current input: 0
 Current format: unknown (0x4745504a)
tv.c: norm_from_string(pal): Bogus norm parameter, setting default.
v4l2: ioctl enum norm failed: Invalid argument
Error: Cannot set norm!
Selected input hasn't got a tuner!
v4l2: Cannot get fps
v4l2: ioctl set mute failed: Invalid argument
v4l2: ioctl query control failed: Invalid argument
v4l2: ioctl query control failed: Invalid argument
==========================================================================
Opening video decoder: [ffmpeg] FFmpeg's libavcodec codec family
Selected video codec: [ffmjpeg] vfm: ffmpeg (FFmpeg MJPEG)
==========================================================================
Audio: no sound
Starting playback...
Could not find matching colorspace - retrying with -vf scale...
Opening video filter: [scale]
Movie-Aspect is undefined - no prescaling applied.
[swscaler @ 0x7ffac983f620]using unscaled yuv422p -> rgb24 special converter
VO: [png] 640x472 => 640x472 RGB 24-bit 
[VO_PNG] Warning: compression level set to 0, compression disabled!
[VO_PNG] Info: Use -vo png:z=<n> to set compression level from 0 to 9.
[VO_PNG] Info: (0 = no compression, 1 = fastest, lowest - 9 best, slowest compression)
png: . - Output directory already exists and is writable.
[mjpeg @ 0x7ffaca3ec120]mjpeg_decode_dc: bad vlc: 0:0 (0x14d9190)
[mjpeg @ 0x7ffaca3ec120]error dc
[mjpeg @ 0x7ffaca3ec120]error y=58 x=39

v4l2: ioctl set mute failed: Invalid argument
v4l2: 50 frames successfully processed, 347 frames dropped.

Exiting... (End of file)
